This file contains any messages produced by compilers while
running configure, to aid debugging if configure makes a mistake.

It was created by OpenSwitcher configure 0.1.1, which was
generated by GNU Autoconf 2.71.  Invocation command line was

  $ ./configure

## --------- ##
## Platform. ##
## --------- ##

hostname = MyDebian
uname -m = x86_64
uname -r = 6.1.0-10-amd64
uname -s = Linux
uname -v = #1 SMP PREEMPT_DYNAMIC Debian 6.1.38-2 (2023-07-27)

/usr/bin/uname -p = unknown
/bin/uname -X     = unknown

/bin/arch              = x86_64
/usr/bin/arch -k       = unknown
/usr/convex/getsysinfo = unknown
/usr/bin/hostinfo      = unknown
/bin/machine           = unknown
/usr/bin/oslevel       = unknown
/bin/universe          = unknown

PATH: /usr/local/bin/
PATH: /usr/bin/
PATH: /bin/
PATH: /usr/local/games/
PATH: /usr/games/


## ----------- ##
## Core tests. ##
## ----------- ##

configure:2605: looking for aux files: config.guess config.sub compile missing install-sh
configure:2618:  trying ./
configure:2647:   ./config.guess found
configure:2647:   ./config.sub found
configure:2647:   ./compile found
configure:2647:   ./missing found
configure:2629:   ./install-sh found
configure:2776: checking for a BSD-compatible install
configure:2849: result: /usr/bin/install -c
configure:2860: checking whether build environment is sane
configure:2915: result: yes
configure:3074: checking for a race-free mkdir -p
configure:3118: result: /usr/bin/mkdir -p
configure:3125: checking for gawk
configure:3160: result: no
configure:3125: checking for mawk
configure:3146: found /usr/bin/mawk
configure:3157: result: mawk
configure:3168: checking whether make sets $(MAKE)
configure:3191: result: yes
configure:3221: checking whether make supports nested variables
configure:3239: result: yes
configure:3442: checking for gcc
configure:3463: found /usr/bin/gcc
configure:3474: result: gcc
configure:3827: checking for C compiler version
configure:3836: gcc --version >&5
gcc (Debian 12.2.0-14) 12.2.0
Copyright (C) 2022 Free Software Foundation, Inc.
This is free software; see the source for copying conditions.  There is NO
warranty; not even for MERCHANTABILITY or FITNESS FOR A PARTICULAR PURPOSE.

configure:3847: $? = 0
configure:3836: gcc -v >&5
Using built-in specs.
COLLECT_GCC=gcc
COLLECT_LTO_WRAPPER=/usr/lib/gcc/x86_64-linux-gnu/12/lto-wrapper
OFFLOAD_TARGET_NAMES=nvptx-none:amdgcn-amdhsa
OFFLOAD_TARGET_DEFAULT=1
Target: x86_64-linux-gnu
Configured with: ../src/configure -v --with-pkgversion='Debian 12.2.0-14' --with-bugurl=file:///usr/share/doc/gcc-12/README.Bugs --enable-languages=c,ada,c++,go,d,fortran,objc,obj-c++,m2 --prefix=/usr --with-gcc-major-version-only --program-suffix=-12 --program-prefix=x86_64-linux-gnu- --enable-shared --enable-linker-build-id --libexecdir=/usr/lib --without-included-gettext --enable-threads=posix --libdir=/usr/lib --enable-nls --enable-clocale=gnu --enable-libstdcxx-debug --enable-libstdcxx-time=yes --with-default-libstdcxx-abi=new --enable-gnu-unique-object --disable-vtable-verify --enable-plugin --enable-default-pie --with-system-zlib --enable-libphobos-checking=release --with-target-system-zlib=auto --enable-objc-gc=auto --enable-multiarch --disable-werror --enable-cet --with-arch-32=i686 --with-abi=m64 --with-multilib-list=m32,m64,mx32 --enable-multilib --with-tune=generic --enable-offload-targets=nvptx-none=/build/gcc-12-bTRWOB/gcc-12-12.2.0/debian/tmp-nvptx/usr,amdgcn-amdhsa=/build/gcc-12-bTRWOB/gcc-12-12.2.0/debian/tmp-gcn/usr --enable-offload-defaulted --without-cuda-driver --enable-checking=release --build=x86_64-linux-gnu --host=x86_64-linux-gnu --target=x86_64-linux-gnu
Thread model: posix
Supported LTO compression algorithms: zlib zstd
gcc version 12.2.0 (Debian 12.2.0-14) 
... rest of stderr output deleted ...
configure:3847: $? = 0
configure:3836: gcc -V >&5
gcc: error: unrecognized command-line option '-V'
gcc: fatal error: no input files
compilation terminated.
configure:3847: $? = 1
configure:3836: gcc -qversion >&5
gcc: error: unrecognized command-line option '-qversion'; did you mean '--version'?
gcc: fatal error: no input files
compilation terminated.
configure:3847: $? = 1
configure:3836: gcc -version >&5
gcc: error: unrecognized command-line option '-version'
gcc: fatal error: no input files
compilation terminated.
configure:3847: $? = 1
configure:3867: checking whether the C compiler works
configure:3889: gcc    conftest.c  >&5
configure:3893: $? = 0
configure:3943: result: yes
configure:3946: checking for C compiler default output file name
configure:3948: result: a.out
configure:3954: checking for suffix of executables
configure:3961: gcc -o conftest    conftest.c  >&5
configure:3965: $? = 0
configure:3988: result: 
configure:4010: checking whether we are cross compiling
configure:4018: gcc -o conftest    conftest.c  >&5
configure:4022: $? = 0
configure:4029: ./conftest
configure:4033: $? = 0
configure:4048: result: no
configure:4053: checking for suffix of object files
configure:4076: gcc -c   conftest.c >&5
configure:4080: $? = 0
configure:4102: result: o
configure:4106: checking whether the compiler supports GNU C
configure:4126: gcc -c   conftest.c >&5
configure:4126: $? = 0
configure:4136: result: yes
configure:4147: checking whether gcc accepts -g
configure:4168: gcc -c -g  conftest.c >&5
configure:4168: $? = 0
configure:4212: result: yes
configure:4232: checking for gcc option to enable C11 features
configure:4247: gcc  -c -g -O2  conftest.c >&5
configure:4247: $? = 0
configure:4265: result: none needed
configure:4381: checking whether gcc understands -c and -o together
configure:4404: gcc -c conftest.c -o conftest2.o
configure:4407: $? = 0
configure:4404: gcc -c conftest.c -o conftest2.o
configure:4407: $? = 0
configure:4419: result: yes
configure:4439: checking whether make supports the include directive
configure:4454: make -f confmf.GNU && cat confinc.out
this is the am__doit target
configure:4457: $? = 0
configure:4476: result: yes (GNU style)
configure:4502: checking dependency style of gcc
configure:4614: result: gcc3
configure:4630: checking for grep that handles long lines and -e
configure:4694: result: /usr/bin/grep
configure:4699: checking whether ln -s works
configure:4703: result: yes
configure:4758: checking for ranlib
configure:4779: found /usr/bin/ranlib
configure:4790: result: ranlib
configure:4874: checking for pkg-config
configure:4897: found /usr/bin/pkg-config
configure:4909: result: /usr/bin/pkg-config
configure:4934: checking pkg-config is at least version 0.9.0
configure:4937: result: yes
configure:4947: checking for x11 xkbcommon icu-uc icu-io
configure:4954: $PKG_CONFIG --exists --print-errors "x11 xkbcommon icu-uc icu-io"
configure:4957: $? = 0
configure:4971: $PKG_CONFIG --exists --print-errors "x11 xkbcommon icu-uc icu-io"
configure:4974: $? = 0
configure:5032: result: yes
configure:5044: checking how to run the C preprocessor
configure:5070: gcc -E  conftest.c
configure:5070: $? = 0
configure:5085: gcc -E  conftest.c
conftest.c:11:10: fatal error: ac_nonexistent.h: No such file or directory
   11 | #include <ac_nonexistent.h>
      |          ^~~~~~~~~~~~~~~~~~
compilation terminated.
configure:5085: $? = 1
configure: failed program was:
| /* confdefs.h */
| #define PACKAGE_NAME "OpenSwitcher"
| #define PACKAGE_TARNAME "openswitcher"
| #define PACKAGE_VERSION "0.1.1"
| #define PACKAGE_STRING "OpenSwitcher 0.1.1"
| #define PACKAGE_BUGREPORT "gald.rus@yandex.ru"
| #define PACKAGE_URL ""
| #define PACKAGE "openswitcher"
| #define VERSION "0.1.1"
| /* end confdefs.h.  */
| #include <ac_nonexistent.h>
configure:5112: result: gcc -E
configure:5126: gcc -E  conftest.c
configure:5126: $? = 0
configure:5141: gcc -E  conftest.c
conftest.c:11:10: fatal error: ac_nonexistent.h: No such file or directory
   11 | #include <ac_nonexistent.h>
      |          ^~~~~~~~~~~~~~~~~~
compilation terminated.
configure:5141: $? = 1
configure: failed program was:
| /* confdefs.h */
| #define PACKAGE_NAME "OpenSwitcher"
| #define PACKAGE_TARNAME "openswitcher"
| #define PACKAGE_VERSION "0.1.1"
| #define PACKAGE_STRING "OpenSwitcher 0.1.1"
| #define PACKAGE_BUGREPORT "gald.rus@yandex.ru"
| #define PACKAGE_URL ""
| #define PACKAGE "openswitcher"
| #define VERSION "0.1.1"
| /* end confdefs.h.  */
| #include <ac_nonexistent.h>
configure:5172: checking for X
configure:5210: gcc -o conftest -g -O2   conftest.c -lX11  >&5
configure:5210: $? = 0
configure:5397: result: libraries , headers 
configure:5405: checking for stdio.h
configure:5405: gcc -c -g -O2  conftest.c >&5
configure:5405: $? = 0
configure:5405: result: yes
configure:5405: checking for stdlib.h
configure:5405: gcc -c -g -O2  conftest.c >&5
configure:5405: $? = 0
configure:5405: result: yes
configure:5405: checking for string.h
configure:5405: gcc -c -g -O2  conftest.c >&5
configure:5405: $? = 0
configure:5405: result: yes
configure:5405: checking for inttypes.h
configure:5405: gcc -c -g -O2  conftest.c >&5
configure:5405: $? = 0
configure:5405: result: yes
configure:5405: checking for stdint.h
configure:5405: gcc -c -g -O2  conftest.c >&5
configure:5405: $? = 0
configure:5405: result: yes
configure:5405: checking for strings.h
configure:5405: gcc -c -g -O2  conftest.c >&5
configure:5405: $? = 0
configure:5405: result: yes
configure:5405: checking for sys/stat.h
configure:5405: gcc -c -g -O2  conftest.c >&5
configure:5405: $? = 0
configure:5405: result: yes
configure:5405: checking for sys/types.h
configure:5405: gcc -c -g -O2  conftest.c >&5
configure:5405: $? = 0
configure:5405: result: yes
configure:5405: checking for unistd.h
configure:5405: gcc -c -g -O2  conftest.c >&5
configure:5405: $? = 0
configure:5405: result: yes
configure:5431: checking for fcntl.h
configure:5431: gcc -c -g -O2  conftest.c >&5
configure:5431: $? = 0
configure:5431: result: yes
configure:5437: checking for unistd.h
configure:5437: result: yes
configure:5447: checking for _Bool
configure:5447: gcc -c -g -O2  conftest.c >&5
configure:5447: $? = 0
configure:5447: gcc -c -g -O2  conftest.c >&5
conftest.c: In function 'main':
conftest.c:54:20: error: expected expression before ')' token
   54 | if (sizeof ((_Bool)))
      |                    ^
configure:5447: $? = 1
configure: failed program was:
| /* confdefs.h */
| #define PACKAGE_NAME "OpenSwitcher"
| #define PACKAGE_TARNAME "openswitcher"
| #define PACKAGE_VERSION "0.1.1"
| #define PACKAGE_STRING "OpenSwitcher 0.1.1"
| #define PACKAGE_BUGREPORT "gald.rus@yandex.ru"
| #define PACKAGE_URL ""
| #define PACKAGE "openswitcher"
| #define VERSION "0.1.1"
| #define HAVE_STDIO_H 1
| #define HAVE_STDLIB_H 1
| #define HAVE_STRING_H 1
| #define HAVE_INTTYPES_H 1
| #define HAVE_STDINT_H 1
| #define HAVE_STRINGS_H 1
| #define HAVE_SYS_STAT_H 1
| #define HAVE_SYS_TYPES_H 1
| #define HAVE_UNISTD_H 1
| #define STDC_HEADERS 1
| #define HAVE_FCNTL_H 1
| #define HAVE_UNISTD_H 1
| /* end confdefs.h.  */
| #include <stddef.h>
| #ifdef HAVE_STDIO_H
| # include <stdio.h>
| #endif
| #ifdef HAVE_STDLIB_H
| # include <stdlib.h>
| #endif
| #ifdef HAVE_STRING_H
| # include <string.h>
| #endif
| #ifdef HAVE_INTTYPES_H
| # include <inttypes.h>
| #endif
| #ifdef HAVE_STDINT_H
| # include <stdint.h>
| #endif
| #ifdef HAVE_STRINGS_H
| # include <strings.h>
| #endif
| #ifdef HAVE_SYS_TYPES_H
| # include <sys/types.h>
| #endif
| #ifdef HAVE_SYS_STAT_H
| # include <sys/stat.h>
| #endif
| #ifdef HAVE_UNISTD_H
| # include <unistd.h>
| #endif
| int
| main (void)
| {
| if (sizeof ((_Bool)))
| 	    return 0;
|   ;
|   return 0;
| }
configure:5447: result: yes
configure:5456: checking for stdbool.h that conforms to C99
configure:5572: gcc -c -g -O2  conftest.c >&5
configure:5572: $? = 0
configure:5580: result: yes
configure:5583: checking for int32_t
configure:5583: gcc -c -g -O2  conftest.c >&5
configure:5583: $? = 0
configure:5583: gcc -c -g -O2  conftest.c >&5
conftest.c: In function 'main':
conftest.c:57:67: warning: integer overflow in expression of type 'int' results in '-2147483648' [-Woverflow]
   57 |                  < (int32_t) (((((int32_t) 1 << N) << N) - 1) * 2 + 2))];
      |                                                                   ^
conftest.c:56:12: error: storage size of 'test_array' isn't constant
   56 | static int test_array [1 - 2 * !((int32_t) (((((int32_t) 1 << N) << N) - 1) * 2 + 1)
      |            ^~~~~~~~~~
configure:5583: $? = 1
configure: failed program was:
| /* confdefs.h */
| #define PACKAGE_NAME "OpenSwitcher"
| #define PACKAGE_TARNAME "openswitcher"
| #define PACKAGE_VERSION "0.1.1"
| #define PACKAGE_STRING "OpenSwitcher 0.1.1"
| #define PACKAGE_BUGREPORT "gald.rus@yandex.ru"
| #define PACKAGE_URL ""
| #define PACKAGE "openswitcher"
| #define VERSION "0.1.1"
| #define HAVE_STDIO_H 1
| #define HAVE_STDLIB_H 1
| #define HAVE_STRING_H 1
| #define HAVE_INTTYPES_H 1
| #define HAVE_STDINT_H 1
| #define HAVE_STRINGS_H 1
| #define HAVE_SYS_STAT_H 1
| #define HAVE_SYS_TYPES_H 1
| #define HAVE_UNISTD_H 1
| #define STDC_HEADERS 1
| #define HAVE_FCNTL_H 1
| #define HAVE_UNISTD_H 1
| #define HAVE__BOOL 1
| /* end confdefs.h.  */
| #include <stddef.h>
| #ifdef HAVE_STDIO_H
| # include <stdio.h>
| #endif
| #ifdef HAVE_STDLIB_H
| # include <stdlib.h>
| #endif
| #ifdef HAVE_STRING_H
| # include <string.h>
| #endif
| #ifdef HAVE_INTTYPES_H
| # include <inttypes.h>
| #endif
| #ifdef HAVE_STDINT_H
| # include <stdint.h>
| #endif
| #ifdef HAVE_STRINGS_H
| # include <strings.h>
| #endif
| #ifdef HAVE_SYS_TYPES_H
| # include <sys/types.h>
| #endif
| #ifdef HAVE_SYS_STAT_H
| # include <sys/stat.h>
| #endif
| #ifdef HAVE_UNISTD_H
| # include <unistd.h>
| #endif
| 	        enum { N = 32 / 2 - 1 };
| int
| main (void)
| {
| static int test_array [1 - 2 * !((int32_t) (((((int32_t) 1 << N) << N) - 1) * 2 + 1)
| 		 < (int32_t) (((((int32_t) 1 << N) << N) - 1) * 2 + 2))];
| test_array [0] = 0;
| return test_array [0];
| 
|   ;
|   return 0;
| }
configure:5583: result: yes
configure:5592: checking for size_t
configure:5592: gcc -c -g -O2  conftest.c >&5
configure:5592: $? = 0
configure:5592: gcc -c -g -O2  conftest.c >&5
conftest.c: In function 'main':
conftest.c:55:21: error: expected expression before ')' token
   55 | if (sizeof ((size_t)))
      |                     ^
configure:5592: $? = 1
configure: failed program was:
| /* confdefs.h */
| #define PACKAGE_NAME "OpenSwitcher"
| #define PACKAGE_TARNAME "openswitcher"
| #define PACKAGE_VERSION "0.1.1"
| #define PACKAGE_STRING "OpenSwitcher 0.1.1"
| #define PACKAGE_BUGREPORT "gald.rus@yandex.ru"
| #define PACKAGE_URL ""
| #define PACKAGE "openswitcher"
| #define VERSION "0.1.1"
| #define HAVE_STDIO_H 1
| #define HAVE_STDLIB_H 1
| #define HAVE_STRING_H 1
| #define HAVE_INTTYPES_H 1
| #define HAVE_STDINT_H 1
| #define HAVE_STRINGS_H 1
| #define HAVE_SYS_STAT_H 1
| #define HAVE_SYS_TYPES_H 1
| #define HAVE_UNISTD_H 1
| #define STDC_HEADERS 1
| #define HAVE_FCNTL_H 1
| #define HAVE_UNISTD_H 1
| #define HAVE__BOOL 1
| /* end confdefs.h.  */
| #include <stddef.h>
| #ifdef HAVE_STDIO_H
| # include <stdio.h>
| #endif
| #ifdef HAVE_STDLIB_H
| # include <stdlib.h>
| #endif
| #ifdef HAVE_STRING_H
| # include <string.h>
| #endif
| #ifdef HAVE_INTTYPES_H
| # include <inttypes.h>
| #endif
| #ifdef HAVE_STDINT_H
| # include <stdint.h>
| #endif
| #ifdef HAVE_STRINGS_H
| # include <strings.h>
| #endif
| #ifdef HAVE_SYS_TYPES_H
| # include <sys/types.h>
| #endif
| #ifdef HAVE_SYS_STAT_H
| # include <sys/stat.h>
| #endif
| #ifdef HAVE_UNISTD_H
| # include <unistd.h>
| #endif
| int
| main (void)
| {
| if (sizeof ((size_t)))
| 	    return 0;
|   ;
|   return 0;
| }
configure:5592: result: yes
configure:5602: checking for uint64_t
configure:5602: gcc -c -g -O2  conftest.c >&5
configure:5602: $? = 0
configure:5602: result: yes
configure:5614: checking for uint8_t
configure:5614: gcc -c -g -O2  conftest.c >&5
configure:5614: $? = 0
configure:5614: result: yes
configure:5634: checking build system type
configure:5649: result: x86_64-pc-linux-gnu
configure:5669: checking host system type
configure:5683: result: x86_64-pc-linux-gnu
configure:5703: checking for GNU libc compatible malloc
configure:5735: gcc -o conftest -g -O2   conftest.c  >&5
configure:5735: $? = 0
configure:5735: ./conftest
configure:5735: $? = 0
configure:5746: result: yes
configure:5768: checking for GNU libc compatible realloc
configure:5800: gcc -o conftest -g -O2   conftest.c  >&5
configure:5800: $? = 0
configure:5800: ./conftest
configure:5800: $? = 0
configure:5811: result: yes
configure:5833: checking for read
configure:5833: gcc -o conftest -g -O2   conftest.c  >&5
configure:5833: $? = 0
configure:5833: result: yes
configure:5839: checking for strlen
configure:5839: gcc -o conftest -g -O2   conftest.c  >&5
conftest.c:43:6: warning: conflicting types for built-in function 'strlen'; expected 'long unsigned int(const char *)' [-Wbuiltin-declaration-mismatch]
   43 | char strlen ();
      |      ^~~~~~
conftest.c:35:1: note: 'strlen' is declared in header '<string.h>'
   34 | #include <limits.h>
   35 | #undef strlen
configure:5839: $? = 0
configure:5839: result: yes
configure:5845: checking for open
configure:5845: gcc -o conftest -g -O2   conftest.c  >&5
configure:5845: $? = 0
configure:5845: result: yes
configure:5851: checking for write
configure:5851: gcc -o conftest -g -O2   conftest.c  >&5
configure:5851: $? = 0
configure:5851: result: yes
configure:5966: checking that generated files are newer than configure
configure:5972: result: done
configure:5995: creating ./config.status

## ---------------------- ##
## Running config.status. ##
## ---------------------- ##

This file was extended by OpenSwitcher config.status 0.1.1, which was
generated by GNU Autoconf 2.71.  Invocation command line was

  CONFIG_FILES    = 
  CONFIG_HEADERS  = 
  CONFIG_LINKS    = 
  CONFIG_COMMANDS = 
  $ ./config.status 

on MyDebian

config.status:875: creating scripts/install.sh
config.status:875: creating scripts/checkpkgs.sh
config.status:875: creating Makefile
config.status:875: creating include/config.h
config.status:1056: include/config.h is unchanged
config.status:1104: executing depfiles commands
config.status:1181: cd .       && sed -e '/# am--include-marker/d' Makefile         | make -f - am--depfiles
make: Nothing to be done for 'am--depfiles'.
config.status:1186: $? = 0

## ---------------- ##
## Cache variables. ##
## ---------------- ##

ac_cv_build=x86_64-pc-linux-gnu
ac_cv_c_compiler_gnu=yes
ac_cv_c_int32_t=yes
ac_cv_c_uint64_t=yes
ac_cv_c_uint8_t=yes
ac_cv_env_CC_set=
ac_cv_env_CC_value=
ac_cv_env_CFLAGS_set=
ac_cv_env_CFLAGS_value=
ac_cv_env_CPPFLAGS_set=
ac_cv_env_CPPFLAGS_value=
ac_cv_env_CPP_set=
ac_cv_env_CPP_value=
ac_cv_env_DEPS_CFLAGS_set=
ac_cv_env_DEPS_CFLAGS_value=
ac_cv_env_DEPS_LIBS_set=
ac_cv_env_DEPS_LIBS_value=
ac_cv_env_LDFLAGS_set=
ac_cv_env_LDFLAGS_value=
ac_cv_env_LIBS_set=
ac_cv_env_LIBS_value=
ac_cv_env_PKG_CONFIG_LIBDIR_set=
ac_cv_env_PKG_CONFIG_LIBDIR_value=
ac_cv_env_PKG_CONFIG_PATH_set=
ac_cv_env_PKG_CONFIG_PATH_value=
ac_cv_env_PKG_CONFIG_set=
ac_cv_env_PKG_CONFIG_value=
ac_cv_env_XMKMF_set=
ac_cv_env_XMKMF_value=
ac_cv_env_build_alias_set=
ac_cv_env_build_alias_value=
ac_cv_env_host_alias_set=
ac_cv_env_host_alias_value=
ac_cv_env_target_alias_set=
ac_cv_env_target_alias_value=
ac_cv_func_malloc_0_nonnull=yes
ac_cv_func_open=yes
ac_cv_func_read=yes
ac_cv_func_realloc_0_nonnull=yes
ac_cv_func_strlen=yes
ac_cv_func_write=yes
ac_cv_have_x='have_x=yes	ac_x_includes='\'''\''	ac_x_libraries='\'''\'''
ac_cv_header_fcntl_h=yes
ac_cv_header_inttypes_h=yes
ac_cv_header_stdbool_h=yes
ac_cv_header_stdint_h=yes
ac_cv_header_stdio_h=yes
ac_cv_header_stdlib_h=yes
ac_cv_header_string_h=yes
ac_cv_header_strings_h=yes
ac_cv_header_sys_stat_h=yes
ac_cv_header_sys_types_h=yes
ac_cv_header_unistd_h=yes
ac_cv_host=x86_64-pc-linux-gnu
ac_cv_objext=o
ac_cv_path_GREP=/usr/bin/grep
ac_cv_path_ac_pt_PKG_CONFIG=/usr/bin/pkg-config
ac_cv_path_install='/usr/bin/install -c'
ac_cv_path_mkdir=/usr/bin/mkdir
ac_cv_prog_AWK=mawk
ac_cv_prog_CPP='gcc -E'
ac_cv_prog_ac_ct_CC=gcc
ac_cv_prog_ac_ct_RANLIB=ranlib
ac_cv_prog_cc_c11=
ac_cv_prog_cc_g=yes
ac_cv_prog_cc_stdc=
ac_cv_prog_make_make_set=yes
ac_cv_type__Bool=yes
ac_cv_type_size_t=yes
am_cv_CC_dependencies_compiler_type=gcc3
am_cv_make_support_nested_variables=yes
am_cv_prog_cc_c_o=yes
pkg_cv_DEPS_CFLAGS=
pkg_cv_DEPS_LIBS='-lX11 -lxkbcommon -licuio -licui18n -licuuc -licudata '

## ----------------- ##
## Output variables. ##
## ----------------- ##

ACLOCAL='${SHELL} '\''/home/ruslan/Programs/Project1/missing'\'' aclocal-1.16'
AMDEPBACKSLASH='\'
AMDEP_FALSE='#'
AMDEP_TRUE=''
AMTAR='$${TAR-tar}'
AM_BACKSLASH='\'
AM_DEFAULT_V='$(AM_DEFAULT_VERBOSITY)'
AM_DEFAULT_VERBOSITY='1'
AM_V='$(V)'
AUTOCONF='${SHELL} '\''/home/ruslan/Programs/Project1/missing'\'' autoconf'
AUTOHEADER='${SHELL} '\''/home/ruslan/Programs/Project1/missing'\'' autoheader'
AUTOMAKE='${SHELL} '\''/home/ruslan/Programs/Project1/missing'\'' automake-1.16'
AWK='mawk'
CC='gcc'
CCDEPMODE='depmode=gcc3'
CFLAGS='-g -O2'
CPP='gcc -E'
CPPFLAGS=''
CSCOPE='cscope'
CTAGS='ctags'
CYGPATH_W='echo'
DEFS='-DHAVE_CONFIG_H'
DEPDIR='.deps'
DEPS_CFLAGS=''
DEPS_LIBS='-lX11 -lxkbcommon -licuio -licui18n -licuuc -licudata '
ECHO_C=''
ECHO_N='-n'
ECHO_T=''
ETAGS='etags'
EXEEXT=''
GREP='/usr/bin/grep'
INSTALL_DATA='${INSTALL} -m 644'
INSTALL_PROGRAM='${INSTALL}'
INSTALL_SCRIPT='${INSTALL}'
INSTALL_STRIP_PROGRAM='$(install_sh) -c -s'
LDFLAGS=''
LIBOBJS=''
LIBS=''
LN_S='ln -s'
LTLIBOBJS=''
MAKEINFO='${SHELL} '\''/home/ruslan/Programs/Project1/missing'\'' makeinfo'
MKDIR_P='/usr/bin/mkdir -p'
OBJEXT='o'
PACKAGE='openswitcher'
PACKAGE_BUGREPORT='gald.rus@yandex.ru'
PACKAGE_NAME='OpenSwitcher'
PACKAGE_STRING='OpenSwitcher 0.1.1'
PACKAGE_TARNAME='openswitcher'
PACKAGE_URL=''
PACKAGE_VERSION='0.1.1'
PATH_SEPARATOR=':'
PKG_CONFIG='/usr/bin/pkg-config'
PKG_CONFIG_LIBDIR=''
PKG_CONFIG_PATH=''
RANLIB='ranlib'
SET_MAKE=''
SHELL='/bin/bash'
STRIP=''
VERSION='0.1.1'
XMKMF=''
ac_ct_CC='gcc'
am__EXEEXT_FALSE=''
am__EXEEXT_TRUE='#'
am__fastdepCC_FALSE='#'
am__fastdepCC_TRUE=''
am__include='include'
am__isrc=''
am__leading_dot='.'
am__nodep='_no'
am__quote=''
am__tar='$${TAR-tar} chof - "$$tardir"'
am__untar='$${TAR-tar} xf -'
bindir='${exec_prefix}/bin'
build='x86_64-pc-linux-gnu'
build_alias=''
build_cpu='x86_64'
build_os='linux-gnu'
build_vendor='pc'
datadir='${datarootdir}'
datarootdir='${prefix}/share'
docdir='${datarootdir}/doc/${PACKAGE_TARNAME}'
dvidir='${docdir}'
exec_prefix='${prefix}'
host='x86_64-pc-linux-gnu'
host_alias=''
host_cpu='x86_64'
host_os='linux-gnu'
host_vendor='pc'
htmldir='${docdir}'
includedir='${prefix}/include'
infodir='${datarootdir}/info'
install_sh='${SHELL} /home/ruslan/Programs/Project1/install-sh'
libdir='${exec_prefix}/lib'
libexecdir='${exec_prefix}/libexec'
localedir='${datarootdir}/locale'
localstatedir='${prefix}/var'
mandir='${datarootdir}/man'
mkdir_p='$(MKDIR_P)'
oldincludedir='/usr/include'
pdfdir='${docdir}'
prefix='/usr/local'
program_transform_name='s,x,x,'
psdir='${docdir}'
runstatedir='${localstatedir}/run'
sbindir='${exec_prefix}/sbin'
sharedstatedir='${prefix}/com'
sysconfdir='${prefix}/etc'
target_alias=''

## ----------- ##
## confdefs.h. ##
## ----------- ##

/* confdefs.h */
#define PACKAGE_NAME "OpenSwitcher"
#define PACKAGE_TARNAME "openswitcher"
#define PACKAGE_VERSION "0.1.1"
#define PACKAGE_STRING "OpenSwitcher 0.1.1"
#define PACKAGE_BUGREPORT "gald.rus@yandex.ru"
#define PACKAGE_URL ""
#define PACKAGE "openswitcher"
#define VERSION "0.1.1"
#define HAVE_STDIO_H 1
#define HAVE_STDLIB_H 1
#define HAVE_STRING_H 1
#define HAVE_INTTYPES_H 1
#define HAVE_STDINT_H 1
#define HAVE_STRINGS_H 1
#define HAVE_SYS_STAT_H 1
#define HAVE_SYS_TYPES_H 1
#define HAVE_UNISTD_H 1
#define STDC_HEADERS 1
#define HAVE_FCNTL_H 1
#define HAVE_UNISTD_H 1
#define HAVE__BOOL 1
#define HAVE_MALLOC 1
#define HAVE_REALLOC 1
#define HAVE_READ 1
#define HAVE_STRLEN 1
#define HAVE_OPEN 1
#define HAVE_WRITE 1

configure: exit 0

## ---------------------- ##
## Running config.status. ##
## ---------------------- ##

This file was extended by OpenSwitcher config.status 0.1.1, which was
generated by GNU Autoconf 2.71.  Invocation command line was

  CONFIG_FILES    = 
  CONFIG_HEADERS  = 
  CONFIG_LINKS    = 
  CONFIG_COMMANDS = 
  $ ./config.status Makefile depfiles

on MyDebian

config.status:875: creating Makefile
config.status:1104: executing depfiles commands
config.status:1181: cd .       && sed -e '/# am--include-marker/d' Makefile         | make -f - am--depfiles
make[1]: Entering directory '/home/ruslan/Programs/Project1'
make[1]: Nothing to be done for 'am--depfiles'.
make[1]: Leaving directory '/home/ruslan/Programs/Project1'
config.status:1186: $? = 0
